node.exe : [baseline-browser-mapping] The data in this module is over two months old.  To ensure accurate Baseline 
data, please update: `npm i baseline-browser-mapping@latest -D`
At line:1 char:1
+ & "C:\Program Files\nodejs/node.exe" "C:\Program Files\nodejs/node_mo ...
+ ~~~~~~~~~~~~~~~~~~~~~~~~~~~~~~~~~~~~~~~~~~~~~~~~~~~~~~~~~~~~~~~~~~~~~
    + CategoryInfo          : NotSpecified: ([baseline-brows...ping@latest -D`:String) [], RemoteException
    + FullyQualifiedErrorId : NativeCommandError
 
   Γû▓ Next.js 16.0.7 (Turbopack)
   - Environments: .env.local

 ΓÜá The "middleware" file convention is deprecated. Please use "proxy" instead. Learn more: 
https://nextjs.org/docs/messages/middleware-to-proxy
   Creating an optimized production build ...
[baseline-browser-mapping] The data in this module is over two months old.  To ensure accurate Baseline data, please 
update: `npm i baseline-browser-mapping@latest -D`

> Build error occurred
Error: Turbopack build failed with 15 errors:
./src/app/admin/abandoned-carts/page.tsx:16:40
Parsing ecmascript source code failed
[0m [90m 14 |[39m [36mimport[39m [33mLink[39m [36mfrom[39m [32m'next/link'[39m[33m;[39m
 [90m 15 |[39m [36mimport[39m { formatDistanceToNow } [36mfrom[39m [32m'date-fns'[39m[33m;[39m
[31m[1m>[22m[39m[90m 16 |[39m [36mimport[39m { useAdminAbandonedCarts } [36mfrom[39m 
[32m"@/modules/admin/hooks/use-admin-abandoned-carts';[39m
 [90m    |[39m                                        [31m[1m^[22m[39m[31m[1m^[22m[39m[31m[1m^[22m[39m[3
1m[1m^[22m[39m[31m[1m^[22m[39m[31m[1m^[22m[39m[31m[1m^[22m[39m[31m[1m^[22m[39m[31m[1m^[22m[39m[
31m[1m^[22m[39m[31m[1m^[22m[39m[31m[1m^[22m[39m[31m[1m^[22m[39m[31m[1m^[22m[39m[31m[1m^[22m[39m
[31m[1m^[22m[39m[31m[1m^[22m[39m[31m[1m^[22m[39m[31m[1m^[22m[39m[31m[1m^[22m[39m[31m[1m^[22m[39m
[31m[1m^[22m[39m[31m[1m^[22m[39m[31m[1m^[22m[39m[31m[1m^[22m[39m[31m[1m^[22m[39m[31m[1m^[22m[39
m[31m[1m^[22m[39m[31m[1m^[22m[39m[31m[1m^[22m[39m[31m[1m^[22m[39m[31m[1m^[22m[39m[31m[1m^[22m[3
9m[31m[1m^[22m[39m[31m[1m^[22m[39m[31m[1m^[22m[39m[31m[1m^[22m[39m[31m[1m^[22m[39m[31m[1m^[22m[
39m[31m[1m^[22m[39m[31m[1m^[22m[39m[31m[1m^[22m[39m[31m[1m^[22m[39m[31m[1m^[22m[39m[31m[1m^[22m
[39m[31m[1m^[22m[39m[31m[1m^[22m[39m[31m[1m^[22m[39m[31m[1m^[22m[39m[31m[1m^[22m[39m
 [90m 17 |[39m
 [90m 18 |[39m [36mexport[39m [36mdefault[39m [36mfunction[39m [33mAdminAbandonedCartsPage[39m() {
 [90m 19 |[39m   [36mconst[39m {[0m

Unterminated string constant


./src/app/api/abandoned-carts/route.ts:4:31
Parsing ecmascript source code failed
[0m [90m 2 |[39m [36mimport[39m { auth } [36mfrom[39m [32m'@/lib/auth'[39m[33m;[39m
 [90m 3 |[39m [36mimport[39m { dbConnect } [36mfrom[39m [32m"@/core/config/database"[39m[33m;[39m
[31m[1m>[22m[39m[90m 4 |[39m [36mimport[39m { [33mAbandonedCart[39m } [36mfrom[39m 
[32m"@/core/database/models/AbandonedCart';[39m
 [90m   |[39m                               [31m[1m^[22m[39m[31m[1m^[22m[39m[31m[1m^[22m[39m[31m[1m^[2
2m[39m[31m[1m^[22m[39m[31m[1m^[22m[39m[31m[1m^[22m[39m[31m[1m^[22m[39m[31m[1m^[22m[39m[31m[1m^[
22m[39m[31m[1m^[22m[39m[31m[1m^[22m[39m[31m[1m^[22m[39m[31m[1m^[22m[39m[31m[1m^[22m[39m[31m[1m^
[22m[39m[31m[1m^[22m[39m[31m[1m^[22m[39m[31m[1m^[22m[39m[31m[1m^[22m[39m[31m[1m^[22m[39m[31m[1m^
[22m[39m[31m[1m^[22m[39m[31m[1m^[22m[39m[31m[1m^[22m[39m[31m[1m^[22m[39m[31m[1m^[22m[39m[31m[1m
^[22m[39m[31m[1m^[22m[39m[31m[1m^[22m[39m[31m[1m^[22m[39m[31m[1m^[22m[39m[31m[1m^[22m[39m[31m[1
m^[22m[39m[31m[1m^[22m[39m[31m[1m^[22m[39m[31m[1m^[22m[39m[31m[1m^[22m[39m[31m[1m^[22m[39m
 [90m 5 |[39m
 [90m 6 |[39m [36mexport[39m [36masync[39m [36mfunction[39m [33mGET[39m(req[33m:[39m 
[33mNextRequest[39m) {
 [90m 7 |[39m   [36mtry[39m {[0m

Unterminated string constant


./src/app/providers.tsx:4:34
Parsing ecmascript source code failed
[0m [90m 2 |[39m [36mimport[39m { [33mSessionProvider[39m } [36mfrom[39m 
[32m'next-auth/react'[39m[33m;[39m
 [90m 3 |[39m [36mimport[39m { [33mReactNode[39m } [36mfrom[39m [32m'react'[39m[33m;[39m
[31m[1m>[22m[39m[90m 4 |[39m [36mimport[39m { [33mSettingsProvider[39m } [36mfrom[39m 
[32m"@/modules/settings/context/SettingsContext';[39m
 [90m   |[39m                                  [31m[1m^[22m[39m[31m[1m^[22m[39m[31m[1m^[22m[39m[31m[1m^
[22m[39m[31m[1m^[22m[39m[31m[1m^[22m[39m[31m[1m^[22m[39m[31m[1m^[22m[39m[31m[1m^[22m[39m[31m[1m
^[22m[39m[31m[1m^[22m[39m[31m[1m^[22m[39m[31m[1m^[22m[39m[31m[1m^[22m[39m[31m[1m^[22m[39m[31m[1
m^[22m[39m[31m[1m^[22m[39m[31m[1m^[22m[39m[31m[1m^[22m[39m[31m[1m^[22m[39m[31m[1m^[22m[39m[31m[
1m^[22m[39m[31m[1m^[22m[39m[31m[1m^[22m[39m[31m[1m^[22m[39m[31m[1m^[22m[39m[31m[1m^[22m[39m[31m
[1m^[22m[39m[31m[1m^[22m[39m[31m[1m^[22m[39m[31m[1m^[22m[39m[31m[1m^[22m[39m[31m[1m^[22m[39m[31m
[1m^[22m[39m[31m[1m^[22m[39m[31m[1m^[22m[39m[31m[1m^[22m[39m[31m[1m^[22m[39m[31m[1m^[22m[39m[31
m[1m^[22m[39m[31m[1m^[22m[39m[31m[1m^[22m[39m[31m[1m^[22m[39m[31m[1m^[22m[39m[31m[1m^[22m[39m
 [90m 5 |[39m [36mimport[39m { [33mCartProvider[39m } [36mfrom[39m 
[32m"@/modules/cart/context/CartContext';[39m
 [90m 6 |[39m [36mimport[39m { [33mWishlistProvider[39m } [36mfrom[39m 
[32m"@/modules/wishlist/hooks/WishlistContext';[39m
 [90m 7 |[39m [36mimport[39m { [33mRecentlyViewedProvider[39m } [36mfrom[39m 
[32m"@/modules/common/hooks/RecentlyViewedContext';[39m[0m

Unterminated string constant

Import trace:
  Server Component:
    ./src/app/providers.tsx
    ./src/app/layout.tsx


./src/app/providers.tsx:5:30
Parsing ecmascript source code failed
[0m [90m 3 |[39m [36mimport[39m { [33mReactNode[39m } [36mfrom[39m [32m'react'[39m[33m;[39m
 [90m 4 |[39m [36mimport[39m { [33mSettingsProvider[39m } [36mfrom[39m 
[32m"@/modules/settings/context/SettingsContext';[39m
[31m[1m>[22m[39m[90m 5 |[39m [36mimport[39m { [33mCartProvider[39m } [36mfrom[39m 
[32m"@/modules/cart/context/CartContext';[39m
 [90m   |[39m                              [31m[1m^[22m[39m[31m[1m^[22m[39m[31m[1m^[22m[39m[31m[1m^[22
m[39m[31m[1m^[22m[39m[31m[1m^[22m[39m[31m[1m^[22m[39m[31m[1m^[22m[39m[31m[1m^[22m[39m[31m[1m^[2
2m[39m[31m[1m^[22m[39m[31m[1m^[22m[39m[31m[1m^[22m[39m[31m[1m^[22m[39m[31m[1m^[22m[39m[31m[1m^[
22m[39m[31m[1m^[22m[39m[31m[1m^[22m[39m[31m[1m^[22m[39m[31m[1m^[22m[39m[31m[1m^[22m[39m[31m[1m^
[22m[39m[31m[1m^[22m[39m[31m[1m^[22m[39m[31m[1m^[22m[39m[31m[1m^[22m[39m[31m[1m^[22m[39m[31m[1m^
[22m[39m[31m[1m^[22m[39m[31m[1m^[22m[39m[31m[1m^[22m[39m[31m[1m^[22m[39m[31m[1m^[22m[39m[31m[1m
^[22m[39m[31m[1m^[22m[39m[31m[1m^[22m[39m[31m[1m^[22m[39m
 [90m 6 |[39m [36mimport[39m { [33mWishlistProvider[39m } [36mfrom[39m 
[32m"@/modules/wishlist/hooks/WishlistContext';[39m
 [90m 7 |[39m [36mimport[39m { [33mRecentlyViewedProvider[39m } [36mfrom[39m 
[32m"@/modules/common/hooks/RecentlyViewedContext';[39m
 [90m 8 |[39m [36mimport[39m { [33mCompareProvider[39m } [36mfrom[39m 
[32m"@/modules/compare/context/CompareContext';[39m[0m

Unterminated string constant

Import trace:
  Server Component:
    ./src/app/providers.tsx
    ./src/app/layout.tsx


./src/app/providers.tsx:6:34
Parsing ecmascript source code failed
[0m [90m 4 |[39m [36mimport[39m { [33mSettingsProvider[39m } [36mfrom[39m 
[32m"@/modules/settings/context/SettingsContext';[39m
 [90m 5 |[39m [36mimport[39m { [33mCartProvider[39m } [36mfrom[39m 
[32m"@/modules/cart/context/CartContext';[39m
[31m[1m>[22m[39m[90m 6 |[39m [36mimport[39m { [33mWishlistProvider[39m } [36mfrom[39m 
[32m"@/modules/wishlist/hooks/WishlistContext';[39m
 [90m   |[39m                                  [31m[1m^[22m[39m[31m[1m^[22m[39m[31m[1m^[22m[39m[31m[1m^
[22m[39m[31m[1m^[22m[39m[31m[1m^[22m[39m[31m[1m^[22m[39m[31m[1m^[22m[39m[31m[1m^[22m[39m[31m[1m
^[22m[39m[31m[1m^[22m[39m[31m[1m^[22m[39m[31m[1m^[22m[39m[31m[1m^[22m[39m[31m[1m^[22m[39m[31m[1
m^[22m[39m[31m[1m^[22m[39m[31m[1m^[22m[39m[31m[1m^[22m[39m[31m[1m^[22m[39m[31m[1m^[22m[39m[31m[
1m^[22m[39m[31m[1m^[22m[39m[31m[1m^[22m[39m[31m[1m^[22m[39m[31m[1m^[22m[39m[31m[1m^[22m[39m[31m
[1m^[22m[39m[31m[1m^[22m[39m[31m[1m^[22m[39m[31m[1m^[22m[39m[31m[1m^[22m[39m[31m[1m^[22m[39m[31m
[1m^[22m[39m[31m[1m^[22m[39m[31m[1m^[22m[39m[31m[1m^[22m[39m[31m[1m^[22m[39m[31m[1m^[22m[39m[31
m[1m^[22m[39m[31m[1m^[22m[39m[31m[1m^[22m[39m[31m[1m^[22m[39m
 [90m 7 |[39m [36mimport[39m { [33mRecentlyViewedProvider[39m } [36mfrom[39m 
[32m"@/modules/common/hooks/RecentlyViewedContext';[39m
 [90m 8 |[39m [36mimport[39m { [33mCompareProvider[39m } [36mfrom[39m 
[32m"@/modules/compare/context/CompareContext';[39m
 [90m 9 |[39m [36mimport[39m { [33mStockProvider[39m } [36mfrom[39m 
[32m"@/modules/cart/context/StockContext';[39m[0m

Unterminated string constant

Import trace:
  Server Component:
    ./src/app/providers.tsx
    ./src/app/layout.tsx


./src/app/providers.tsx:7:40
Parsing ecmascript source code failed
[0m [90m  5 |[39m [36mimport[39m { [33mCartProvider[39m } [36mfrom[39m 
[32m"@/modules/cart/context/CartContext';[39m
 [90m  6 |[39m [36mimport[39m { [33mWishlistProvider[39m } [36mfrom[39m 
[32m"@/modules/wishlist/hooks/WishlistContext';[39m
[31m[1m>[22m[39m[90m  7 |[39m [36mimport[39m { [33mRecentlyViewedProvider[39m } [36mfrom[39m 
[32m"@/modules/common/hooks/RecentlyViewedContext';[39m
 [90m    |[39m                                        [31m[1m^[22m[39m[31m[1m^[22m[39m[31m[1m^[22m[39m[3
1m[1m^[22m[39m[31m[1m^[22m[39m[31m[1m^[22m[39m[31m[1m^[22m[39m[31m[1m^[22m[39m[31m[1m^[22m[39m[
31m[1m^[22m[39m[31m[1m^[22m[39m[31m[1m^[22m[39m[31m[1m^[22m[39m[31m[1m^[22m[39m[31m[1m^[22m[39m
[31m[1m^[22m[39m[31m[1m^[22m[39m[31m[1m^[22m[39m[31m[1m^[22m[39m[31m[1m^[22m[39m[31m[1m^[22m[39m
[31m[1m^[22m[39m[31m[1m^[22m[39m[31m[1m^[22m[39m[31m[1m^[22m[39m[31m[1m^[22m[39m[31m[1m^[22m[39
m[31m[1m^[22m[39m[31m[1m^[22m[39m[31m[1m^[22m[39m[31m[1m^[22m[39m[31m[1m^[22m[39m[31m[1m^[22m[3
9m[31m[1m^[22m[39m[31m[1m^[22m[39m[31m[1m^[22m[39m[31m[1m^[22m[39m[31m[1m^[22m[39m[31m[1m^[22m[
39m[31m[1m^[22m[39m[31m[1m^[22m[39m[31m[1m^[22m[39m[31m[1m^[22m[39m[31m[1m^[22m[39m[31m[1m^[22m
[39m[31m[1m^[22m[39m[31m[1m^[22m[39m
 [90m  8 |[39m [36mimport[39m { [33mCompareProvider[39m } [36mfrom[39m 
[32m"@/modules/compare/context/CompareContext';[39m
 [90m  9 |[39m [36mimport[39m { [33mStockProvider[39m } [36mfrom[39m 
[32m"@/modules/cart/context/StockContext';[39m
 [90m 10 |[39m [36mimport[39m { [33mGuestCheckoutProvider[39m } [36mfrom[39m 
[32m"@/modules/checkout/context/GuestCheckoutContext';[39m[0m

Unterminated string constant

Import trace:
  Server Component:
    ./src/app/providers.tsx
    ./src/app/layout.tsx


./src/app/providers.tsx:8:33
Parsing ecmascript source code failed
[0m [90m  6 |[39m [36mimport[39m { [33mWishlistProvider[39m } [36mfrom[39m 
[32m"@/modules/wishlist/hooks/WishlistContext';[39m
 [90m  7 |[39m [36mimport[39m { [33mRecentlyViewedProvider[39m } [36mfrom[39m 
[32m"@/modules/common/hooks/RecentlyViewedContext';[39m
[31m[1m>[22m[39m[90m  8 |[39m [36mimport[39m { [33mCompareProvider[39m } [36mfrom[39m 
[32m"@/modules/compare/context/CompareContext';[39m
 [90m    |[39m                                 [31m[1m^[22m[39m[31m[1m^[22m[39m[31m[1m^[22m[39m[31m[1m^
[22m[39m[31m[1m^[22m[39m[31m[1m^[22m[39m[31m[1m^[22m[39m[31m[1m^[22m[39m[31m[1m^[22m[39m[31m[1m
^[22m[39m[31m[1m^[22m[39m[31m[1m^[22m[39m[31m[1m^[22m[39m[31m[1m^[22m[39m[31m[1m^[22m[39m[31m[1
m^[22m[39m[31m[1m^[22m[39m[31m[1m^[22m[39m[31m[1m^[22m[39m[31m[1m^[22m[39m[31m[1m^[22m[39m[31m[
1m^[22m[39m[31m[1m^[22m[39m[31m[1m^[22m[39m[31m[1m^[22m[39m[31m[1m^[22m[39m[31m[1m^[22m[39m[31m
[1m^[22m[39m[31m[1m^[22m[39m[31m[1m^[22m[39m[31m[1m^[22m[39m[31m[1m^[22m[39m[31m[1m^[22m[39m[31m
[1m^[22m[39m[31m[1m^[22m[39m[31m[1m^[22m[39m[31m[1m^[22m[39m[31m[1m^[22m[39m[31m[1m^[22m[39m[31
m[1m^[22m[39m[31m[1m^[22m[39m[31m[1m^[22m[39m[31m[1m^[22m[39m
 [90m  9 |[39m [36mimport[39m { [33mStockProvider[39m } [36mfrom[39m 
[32m"@/modules/cart/context/StockContext';[39m
 [90m 10 |[39m [36mimport[39m { [33mGuestCheckoutProvider[39m } [36mfrom[39m 
[32m"@/modules/checkout/context/GuestCheckoutContext';[39m
 [90m 11 |[39m [36mimport[39m { [33mOrderTrackingProvider[39m } [36mfrom[39m 
[32m"@/modules/orders/context/OrderTrackingContext';[39m[0m

Unterminated string constant

Import trace:
  Server Component:
    ./src/app/providers.tsx
    ./src/app/layout.tsx


./src/app/providers.tsx:9:31
Parsing ecmascript source code failed
[0m [90m  7 |[39m [36mimport[39m { [33mRecentlyViewedProvider[39m } [36mfrom[39m 
[32m"@/modules/common/hooks/RecentlyViewedContext';[39m
 [90m  8 |[39m [36mimport[39m { [33mCompareProvider[39m } [36mfrom[39m 
[32m"@/modules/compare/context/CompareContext';[39m
[31m[1m>[22m[39m[90m  9 |[39m [36mimport[39m { [33mStockProvider[39m } [36mfrom[39m 
[32m"@/modules/cart/context/StockContext';[39m
 [90m    |[39m                               [31m[1m^[22m[39m[31m[1m^[22m[39m[31m[1m^[22m[39m[31m[1m^[
22m[39m[31m[1m^[22m[39m[31m[1m^[22m[39m[31m[1m^[22m[39m[31m[1m^[22m[39m[31m[1m^[22m[39m[31m[1m^
[22m[39m[31m[1m^[22m[39m[31m[1m^[22m[39m[31m[1m^[22m[39m[31m[1m^[22m[39m[31m[1m^[22m[39m[31m[1m^
[22m[39m[31m[1m^[22m[39m[31m[1m^[22m[39m[31m[1m^[22m[39m[31m[1m^[22m[39m[31m[1m^[22m[39m[31m[1m
^[22m[39m[31m[1m^[22m[39m[31m[1m^[22m[39m[31m[1m^[22m[39m[31m[1m^[22m[39m[31m[1m^[22m[39m[31m[1
m^[22m[39m[31m[1m^[22m[39m[31m[1m^[22m[39m[31m[1m^[22m[39m[31m[1m^[22m[39m[31m[1m^[22m[39m[31m[
1m^[22m[39m[31m[1m^[22m[39m[31m[1m^[22m[39m[31m[1m^[22m[39m[31m[1m^[22m[39m
 [90m 10 |[39m [36mimport[39m { [33mGuestCheckoutProvider[39m } [36mfrom[39m 
[32m"@/modules/checkout/context/GuestCheckoutContext';[39m
 [90m 11 |[39m [36mimport[39m { [33mOrderTrackingProvider[39m } [36mfrom[39m 
[32m"@/modules/orders/context/OrderTrackingContext';[39m
 [90m 12 |[39m [36mimport[39m { [33mSaveForLaterProvider[39m } [36mfrom[39m 
[32m"@/modules/cart/context/SaveForLaterContext';[39m[0m

Unterminated string constant

Import trace:
  Server Component:
    ./src/app/providers.tsx
    ./src/app/layout.tsx


./src/app/providers.tsx:10:39
Parsing ecmascript source code failed
[0m [90m  8 |[39m [36mimport[39m { [33mCompareProvider[39m } [36mfrom[39m 
[32m"@/modules/compare/context/CompareContext';[39m
 [90m  9 |[39m [36mimport[39m { [33mStockProvider[39m } [36mfrom[39m 
[32m"@/modules/cart/context/StockContext';[39m
[31m[1m>[22m[39m[90m 10 |[39m [36mimport[39m { [33mGuestCheckoutProvider[39m } [36mfrom[39m 
[32m"@/modules/checkout/context/GuestCheckoutContext';[39m
 [90m    |[39m                                       [31m[1m^[22m[39m[31m[1m^[22m[39m[31m[1m^[22m[39m[31
m[1m^[22m[39m[31m[1m^[22m[39m[31m[1m^[22m[39m[31m[1m^[22m[39m[31m[1m^[22m[39m[31m[1m^[22m[39m[3
1m[1m^[22m[39m[31m[1m^[22m[39m[31m[1m^[22m[39m[31m[1m^[22m[39m[31m[1m^[22m[39m[31m[1m^[22m[39m[
31m[1m^[22m[39m[31m[1m^[22m[39m[31m[1m^[22m[39m[31m[1m^[22m[39m[31m[1m^[22m[39m[31m[1m^[22m[39m
[31m[1m^[22m[39m[31m[1m^[22m[39m[31m[1m^[22m[39m[31m[1m^[22m[39m[31m[1m^[22m[39m[31m[1m^[22m[39m
[31m[1m^[22m[39m[31m[1m^[22m[39m[31m[1m^[22m[39m[31m[1m^[22m[39m[31m[1m^[22m[39m[31m[1m^[22m[39
m[31m[1m^[22m[39m[31m[1m^[22m[39m[31m[1m^[22m[39m[31m[1m^[22m[39m[31m[1m^[22m[39m[31m[1m^[22m[3
9m[31m[1m^[22m[39m[31m[1m^[22m[39m[31m[1m^[22m[39m[31m[1m^[22m[39m[31m[1m^[22m[39m[31m[1m^[22m[
39m[31m[1m^[22m[39m[31m[1m^[22m[39m[31m[1m^[22m[39m[31m[1m^[22m[39m[31m[1m^[22m[39m
 [90m 11 |[39m [36mimport[39m { [33mOrderTrackingProvider[39m } [36mfrom[39m 
[32m"@/modules/orders/context/OrderTrackingContext';[39m
 [90m 12 |[39m [36mimport[39m { [33mSaveForLaterProvider[39m } [36mfrom[39m 
[32m"@/modules/cart/context/SaveForLaterContext';[39m
 [90m 13 |[39m [36mimport[39m { [33mBundleProvider[39m } [36mfrom[39m 
[32m"@/modules/bundles/context/BundleContext';[39m[0m

Unterminated string constant

Import trace:
  Server Component:
    ./src/app/providers.tsx
    ./src/app/layout.tsx


./src/app/providers.tsx:11:39
Parsing ecmascript source code failed
[0m [90m  9 |[39m [36mimport[39m { [33mStockProvider[39m } [36mfrom[39m 
[32m"@/modules/cart/context/StockContext';[39m
 [90m 10 |[39m [36mimport[39m { [33mGuestCheckoutProvider[39m } [36mfrom[39m 
[32m"@/modules/checkout/context/GuestCheckoutContext';[39m
[31m[1m>[22m[39m[90m 11 |[39m [36mimport[39m { [33mOrderTrackingProvider[39m } [36mfrom[39m 
[32m"@/modules/orders/context/OrderTrackingContext';[39m
 [90m    |[39m                                       [31m[1m^[22m[39m[31m[1m^[22m[39m[31m[1m^[22m[39m[31
m[1m^[22m[39m[31m[1m^[22m[39m[31m[1m^[22m[39m[31m[1m^[22m[39m[31m[1m^[22m[39m[31m[1m^[22m[39m[3
1m[1m^[22m[39m[31m[1m^[22m[39m[31m[1m^[22m[39m[31m[1m^[22m[39m[31m[1m^[22m[39m[31m[1m^[22m[39m[
31m[1m^[22m[39m[31m[1m^[22m[39m[31m[1m^[22m[39m[31m[1m^[22m[39m[31m[1m^[22m[39m[31m[1m^[22m[39m
[31m[1m^[22m[39m[31m[1m^[22m[39m[31m[1m^[22m[39m[31m[1m^[22m[39m[31m[1m^[22m[39m[31m[1m^[22m[39m
[31m[1m^[22m[39m[31m[1m^[22m[39m[31m[1m^[22m[39m[31m[1m^[22m[39m[31m[1m^[22m[39m[31m[1m^[22m[39
m[31m[1m^[22m[39m[31m[1m^[22m[39m[31m[1m^[22m[39m[31m[1m^[22m[39m[31m[1m^[22m[39m[31m[1m^[22m[3
9m[31m[1m^[22m[39m[31m[1m^[22m[39m[31m[1m^[22m[39m[31m[1m^[22m[39m[31m[1m^[22m[39m[31m[1m^[22m[
39m[31m[1m^[22m[39m[31m[1m^[22m[39m[31m[1m^[22m[39m
 [90m 12 |[39m [36mimport[39m { [33mSaveForLaterProvider[39m } [36mfrom[39m 
[32m"@/modules/cart/context/SaveForLaterContext';[39m
 [90m 13 |[39m [36mimport[39m { [33mBundleProvider[39m } [36mfrom[39m 
[32m"@/modules/bundles/context/BundleContext';[39m
 [90m 14 |[39m [36mimport[39m { [33mSearchProvider[39m } [36mfrom[39m 
[32m"@/modules/search/context/SearchContext';[39m[0m

Unterminated string constant

Import trace:
  Server Component:
    ./src/app/providers.tsx
    ./src/app/layout.tsx


./src/app/providers.tsx:12:38
Parsing ecmascript source code failed
[0m [90m 10 |[39m [36mimport[39m { [33mGuestCheckoutProvider[39m } [36mfrom[39m 
[32m"@/modules/checkout/context/GuestCheckoutContext';[39m
 [90m 11 |[39m [36mimport[39m { [33mOrderTrackingProvider[39m } [36mfrom[39m 
[32m"@/modules/orders/context/OrderTrackingContext';[39m
[31m[1m>[22m[39m[90m 12 |[39m [36mimport[39m { [33mSaveForLaterProvider[39m } [36mfrom[39m 
[32m"@/modules/cart/context/SaveForLaterContext';[39m
 [90m    |[39m                                      [31m[1m^[22m[39m[31m[1m^[22m[39m[31m[1m^[22m[39m[31m
[1m^[22m[39m[31m[1m^[22m[39m[31m[1m^[22m[39m[31m[1m^[22m[39m[31m[1m^[22m[39m[31m[1m^[22m[39m[31
m[1m^[22m[39m[31m[1m^[22m[39m[31m[1m^[22m[39m[31m[1m^[22m[39m[31m[1m^[22m[39m[31m[1m^[22m[39m[3
1m[1m^[22m[39m[31m[1m^[22m[39m[31m[1m^[22m[39m[31m[1m^[22m[39m[31m[1m^[22m[39m[31m[1m^[22m[39m[
31m[1m^[22m[39m[31m[1m^[22m[39m[31m[1m^[22m[39m[31m[1m^[22m[39m[31m[1m^[22m[39m[31m[1m^[22m[39m
[31m[1m^[22m[39m[31m[1m^[22m[39m[31m[1m^[22m[39m[31m[1m^[22m[39m[31m[1m^[22m[39m[31m[1m^[22m[39m
[31m[1m^[22m[39m[31m[1m^[22m[39m[31m[1m^[22m[39m[31m[1m^[22m[39m[31m[1m^[22m[39m[31m[1m^[22m[39
m[31m[1m^[22m[39m[31m[1m^[22m[39m[31m[1m^[22m[39m[31m[1m^[22m[39m[31m[1m^[22m[39m[31m[1m^[22m[3
9m
 [90m 13 |[39m [36mimport[39m { [33mBundleProvider[39m } [36mfrom[39m 
[32m"@/modules/bundles/context/BundleContext';[39m
 [90m 14 |[39m [36mimport[39m { [33mSearchProvider[39m } [36mfrom[39m 
[32m"@/modules/search/context/SearchContext';[39m
 [90m 15 |[39m [36mimport[39m { [33mPriceHistoryProvider[39m } [36mfrom[39m 
[32m"@/modules/products/context/PriceHistoryContext';[39m[0m

Unterminated string constant

Import trace:
  Server Component:
    ./src/app/providers.tsx
    ./src/app/layout.tsx


./src/app/providers.tsx:13:32
Parsing ecmascript source code failed
[0m [90m 11 |[39m [36mimport[39m { [33mOrderTrackingProvider[39m } [36mfrom[39m 
[32m"@/modules/orders/context/OrderTrackingContext';[39m
 [90m 12 |[39m [36mimport[39m { [33mSaveForLaterProvider[39m } [36mfrom[39m 
[32m"@/modules/cart/context/SaveForLaterContext';[39m
[31m[1m>[22m[39m[90m 13 |[39m [36mimport[39m { [33mBundleProvider[39m } [36mfrom[39m 
[32m"@/modules/bundles/context/BundleContext';[39m
 [90m    |[39m                                [31m[1m^[22m[39m[31m[1m^[22m[39m[31m[1m^[22m[39m[31m[1m^
[22m[39m[31m[1m^[22m[39m[31m[1m^[22m[39m[31m[1m^[22m[39m[31m[1m^[22m[39m[31m[1m^[22m[39m[31m[1m^
[22m[39m[31m[1m^[22m[39m[31m[1m^[22m[39m[31m[1m^[22m[39m[31m[1m^[22m[39m[31m[1m^[22m[39m[31m[1m
^[22m[39m[31m[1m^[22m[39m[31m[1m^[22m[39m[31m[1m^[22m[39m[31m[1m^[22m[39m[31m[1m^[22m[39m[31m[1
m^[22m[39m[31m[1m^[22m[39m[31m[1m^[22m[39m[31m[1m^[22m[39m[31m[1m^[22m[39m[31m[1m^[22m[39m[31m[
1m^[22m[39m[31m[1m^[22m[39m[31m[1m^[22m[39m[31m[1m^[22m[39m[31m[1m^[22m[39m[31m[1m^[22m[39m[31m
[1m^[22m[39m[31m[1m^[22m[39m[31m[1m^[22m[39m[31m[1m^[22m[39m[31m[1m^[22m[39m[31m[1m^[22m[39m[31m
[1m^[22m[39m[31m[1m^[22m[39m[31m[1m^[22m[39m
 [90m 14 |[39m [36mimport[39m { [33mSearchProvider[39m } [36mfrom[39m 
[32m"@/modules/search/context/SearchContext';[39m
 [90m 15 |[39m [36mimport[39m { [33mPriceHistoryProvider[39m } [36mfrom[39m 
[32m"@/modules/products/context/PriceHistoryContext';[39m
 [90m 16 |[39m [36mimport[39m { [33mQuickViewProvider[39m } [36mfrom[39m 
[32m"@/modules/products/context/QuickViewContext';[39m[0m

Unterminated string constant

Import trace:
  Server Component:
    ./src/app/providers.tsx
    ./src/app/layout.tsx


./src/app/providers.tsx:14:32
Parsing ecmascript source code failed
[0m [90m 12 |[39m [36mimport[39m { [33mSaveForLaterProvider[39m } [36mfrom[39m 
[32m"@/modules/cart/context/SaveForLaterContext';[39m
 [90m 13 |[39m [36mimport[39m { [33mBundleProvider[39m } [36mfrom[39m 
[32m"@/modules/bundles/context/BundleContext';[39m
[31m[1m>[22m[39m[90m 14 |[39m [36mimport[39m { [33mSearchProvider[39m } [36mfrom[39m 
[32m"@/modules/search/context/SearchContext';[39m
 [90m    |[39m                                [31m[1m^[22m[39m[31m[1m^[22m[39m[31m[1m^[22m[39m[31m[1m^
[22m[39m[31m[1m^[22m[39m[31m[1m^[22m[39m[31m[1m^[22m[39m[31m[1m^[22m[39m[31m[1m^[22m[39m[31m[1m^
[22m[39m[31m[1m^[22m[39m[31m[1m^[22m[39m[31m[1m^[22m[39m[31m[1m^[22m[39m[31m[1m^[22m[39m[31m[1m
^[22m[39m[31m[1m^[22m[39m[31m[1m^[22m[39m[31m[1m^[22m[39m[31m[1m^[22m[39m[31m[1m^[22m[39m[31m[1
m^[22m[39m[31m[1m^[22m[39m[31m[1m^[22m[39m[31m[1m^[22m[39m[31m[1m^[22m[39m[31m[1m^[22m[39m[31m[
1m^[22m[39m[31m[1m^[22m[39m[31m[1m^[22m[39m[31m[1m^[22m[39m[31m[1m^[22m[39m[31m[1m^[22m[39m[31m
[1m^[22m[39m[31m[1m^[22m[39m[31m[1m^[22m[39m[31m[1m^[22m[39m[31m[1m^[22m[39m[31m[1m^[22m[39m[31m
[1m^[22m[39m[31m[1m^[22m[39m
 [90m 15 |[39m [36mimport[39m { [33mPriceHistoryProvider[39m } [36mfrom[39m 
[32m"@/modules/products/context/PriceHistoryContext';[39m
 [90m 16 |[39m [36mimport[39m { [33mQuickViewProvider[39m } [36mfrom[39m 
[32m"@/modules/products/context/QuickViewContext';[39m
 [90m 17 |[39m [36mimport[39m [33mNotificationWrapper[39m [36mfrom[39m 
[32m'@/components/common/NotificationWrapper'[39m[33m;[39m[0m

Unterminated string constant

Import trace:
  Server Component:
    ./src/app/providers.tsx
    ./src/app/layout.tsx


./src/app/providers.tsx:15:38
Parsing ecmascript source code failed
[0m [90m 13 |[39m [36mimport[39m { [33mBundleProvider[39m } [36mfrom[39m 
[32m"@/modules/bundles/context/BundleContext';[39m
 [90m 14 |[39m [36mimport[39m { [33mSearchProvider[39m } [36mfrom[39m 
[32m"@/modules/search/context/SearchContext';[39m
[31m[1m>[22m[39m[90m 15 |[39m [36mimport[39m { [33mPriceHistoryProvider[39m } [36mfrom[39m 
[32m"@/modules/products/context/PriceHistoryContext';[39m
 [90m    |[39m                                      [31m[1m^[22m[39m[31m[1m^[22m[39m[31m[1m^[22m[39m[31m
[1m^[22m[39m[31m[1m^[22m[39m[31m[1m^[22m[39m[31m[1m^[22m[39m[31m[1m^[22m[39m[31m[1m^[22m[39m[31
m[1m^[22m[39m[31m[1m^[22m[39m[31m[1m^[22m[39m[31m[1m^[22m[39m[31m[1m^[22m[39m[31m[1m^[22m[39m[3
1m[1m^[22m[39m[31m[1m^[22m[39m[31m[1m^[22m[39m[31m[1m^[22m[39m[31m[1m^[22m[39m[31m[1m^[22m[39m[
31m[1m^[22m[39m[31m[1m^[22m[39m[31m[1m^[22m[39m[31m[1m^[22m[39m[31m[1m^[22m[39m[31m[1m^[22m[39m
[31m[1m^[22m[39m[31m[1m^[22m[39m[31m[1m^[22m[39m[31m[1m^[22m[39m[31m[1m^[22m[39m[31m[1m^[22m[39m
[31m[1m^[22m[39m[31m[1m^[22m[39m[31m[1m^[22m[39m[31m[1m^[22m[39m[31m[1m^[22m[39m[31m[1m^[22m[39
m[31m[1m^[22m[39m[31m[1m^[22m[39m[31m[1m^[22m[39m[31m[1m^[22m[39m[31m[1m^[22m[39m[31m[1m^[22m[3
9m[31m[1m^[22m[39m[31m[1m^[22m[39m[31m[1m^[22m[39m[31m[1m^[22m[39m
 [90m 16 |[39m [36mimport[39m { [33mQuickViewProvider[39m } [36mfrom[39m 
[32m"@/modules/products/context/QuickViewContext';[39m
 [90m 17 |[39m [36mimport[39m [33mNotificationWrapper[39m [36mfrom[39m 
[32m'@/components/common/NotificationWrapper'[39m[33m;[39m
 [90m 18 |[39m[0m

Unterminated string constant

Import trace:
  Server Component:
    ./src/app/providers.tsx
    ./src/app/layout.tsx


./src/app/providers.tsx:16:35
Parsing ecmascript source code failed
[0m [90m 14 |[39m [36mimport[39m { [33mSearchProvider[39m } [36mfrom[39m 
[32m"@/modules/search/context/SearchContext';[39m
 [90m 15 |[39m [36mimport[39m { [33mPriceHistoryProvider[39m } [36mfrom[39m 
[32m"@/modules/products/context/PriceHistoryContext';[39m
[31m[1m>[22m[39m[90m 16 |[39m [36mimport[39m { [33mQuickViewProvider[39m } [36mfrom[39m 
[32m"@/modules/products/context/QuickViewContext';[39m
 [90m    |[39m                                   [31m[1m^[22m[39m[31m[1m^[22m[39m[31m[1m^[22m[39m[31m[1
m^[22m[39m[31m[1m^[22m[39m[31m[1m^[22m[39m[31m[1m^[22m[39m[31m[1m^[22m[39m[31m[1m^[22m[39m[31m[
1m^[22m[39m[31m[1m^[22m[39m[31m[1m^[22m[39m[31m[1m^[22m[39m[31m[1m^[22m[39m[31m[1m^[22m[39m[31m
[1m^[22m[39m[31m[1m^[22m[39m[31m[1m^[22m[39m[31m[1m^[22m[39m[31m[1m^[22m[39m[31m[1m^[22m[39m[31m
[1m^[22m[39m[31m[1m^[22m[39m[31m[1m^[22m[39m[31m[1m^[22m[39m[31m[1m^[22m[39m[31m[1m^[22m[39m[31
m[1m^[22m[39m[31m[1m^[22m[39m[31m[1m^[22m[39m[31m[1m^[22m[39m[31m[1m^[22m[39m[31m[1m^[22m[39m[3
1m[1m^[22m[39m[31m[1m^[22m[39m[31m[1m^[22m[39m[31m[1m^[22m[39m[31m[1m^[22m[39m[31m[1m^[22m[39m[
31m[1m^[22m[39m[31m[1m^[22m[39m[31m[1m^[22m[39m[31m[1m^[22m[39m[31m[1m^[22m[39m[31m[1m^[22m[39m
[31m[1m^[22m[39m
 [90m 17 |[39m [36mimport[39m [33mNotificationWrapper[39m [36mfrom[39m 
[32m'@/components/common/NotificationWrapper'[39m[33m;[39m
 [90m 18 |[39m
 [90m 19 |[39m [36mexport[39m [36mdefault[39m [36mfunction[39m [33mProviders[39m({ children }[33m:[39m { 
children[33m:[39m [33mReactNode[39m }) {[0m

Unterminated string constant

Import trace:
  Server Component:
    ./src/app/providers.tsx
    ./src/app/layout.tsx


    at <unknown> (./src/app/admin/abandoned-carts/page.tsx:16:40)
    at <unknown> (./src/app/api/abandoned-carts/route.ts:4:31)
    at <unknown> (./src/app/providers.tsx:4:34)
    at <unknown> (./src/app/providers.tsx:5:30)
    at <unknown> (./src/app/providers.tsx:6:34)
    at <unknown> (./src/app/providers.tsx:7:40)
    at <unknown> (./src/app/providers.tsx:8:33)
    at <unknown> (./src/app/providers.tsx:9:31)
    at <unknown> (./src/app/providers.tsx:10:39)
    at <unknown> (./src/app/providers.tsx:11:39)
    at <unknown> (./src/app/providers.tsx:12:38)
    at <unknown> (./src/app/providers.tsx:13:32)
    at <unknown> (./src/app/providers.tsx:14:32)
    at <unknown> (./src/app/providers.tsx:15:38)
    at <unknown> (./src/app/providers.tsx:16:35)
